<?xml version="1.0" encoding="UTF-8"?>
<!-- Generated by org.testng.reporters.JUnitReportReporter -->
<testsuite hostname="DESKTOP-CFL9K0I" failures="0" tests="6" name="com.example.ThreadlocalTestclass" time="0.216" errors="0" timestamp="2020-12-26T11:06:59 IST" skipped="0">
  <testcase classname="com.example.ThreadlocalTestclass" name="test3" time="0.040"/>
  <system-out/>
  <testcase classname="com.example.ThreadlocalTestclass" name="test2" time="0.067"/>
  <system-out/>
  <testcase classname="com.example.ThreadlocalTestclass" name="test5" time="0.027"/>
  <system-out/>
  <testcase classname="com.example.ThreadlocalTestclass" name="test1" time="0.014"/>
  <system-out/>
  <testcase classname="com.example.ThreadlocalTestclass" name="test6" time="0.046"/>
  <system-out/>
  <testcase classname="com.example.ThreadlocalTestclass" name="test4" time="0.022"/>
  <system-out/>
</testsuite> <!-- com.example.ThreadlocalTestclass -->
