<?xml version="1.0" encoding="UTF-8"?>
<!-- Generated by org.testng.reporters.JUnitReportReporter -->
<testsuite hostname="DESKTOP-CFL9K0I" failures="0" tests="1" name="com.example.TestRunner" time="21.191" errors="0" timestamp="2020-12-26T11:43:11 IST" skipped="0">
  <testcase classname="com.example.TestRunner" name="runScenario" time="21.191"/>
  <system-out/>
</testsuite> <!-- com.example.TestRunner -->
